<?xml version="1.0" encoding="UTF-8"?>
<!-- Generated by org.testng.reporters.JUnitReportReporter -->
<testsuite hostname="Asam" failures="0" tests="1" name="testCases.TC_001_LoginTest" time="5.965" errors="0" timestamp="2024-08-19T10:52:41 IST" skipped="0">
  <testcase classname="testCases.TC_001_LoginTest" name="loginTest" time="5.965"/>
</testsuite> <!-- testCases.TC_001_LoginTest -->
