<?xml version="1.0" encoding="UTF-8"?>
<!-- Generated by org.testng.reporters.JUnitReportReporter -->
<testsuite hostname="Asam" failures="0" tests="1" name="testCases.TC_002_AddingProductToCart" time="21.925" errors="0" timestamp="2024-08-12T20:26:56 IST" skipped="0">
  <testcase classname="testCases.TC_002_AddingProductToCart" name="addToCart" time="21.925"/>
</testsuite> <!-- testCases.TC_002_AddingProductToCart -->
